<?xml version="1.0" encoding="UTF-8"?>
<!-- Generated by org.testng.reporters.JUnitReportReporter -->
<testsuite hostname="DESKTOP-V7R4QNT" failures="0" tests="1" name="windowHandle.Windown" time="9.961" errors="0" timestamp="3 Apr 2024 13:25:34 GMT">
  <testcase classname="windowHandle.Windown" name="test" time="9.961"/>
</testsuite> <!-- windowHandle.Windown -->
