<?xml version="1.0" encoding="UTF-8"?>
<!-- Generated by org.testng.reporters.JUnitReportReporter -->
<testsuite hostname="DESKTOP-V7R4QNT" failures="0" tests="5" name="again_data.DataProvider" time="38.345" errors="0" timestamp="2 Apr 2024 07:42:42 GMT">
  <testcase classname="again_data.DataProvider" name="test" time="6.921"/>
  <testcase classname="again_data.DataProvider" name="test" time="6.967"/>
  <testcase classname="again_data.DataProvider" name="test" time="10.966"/>
  <testcase classname="again_data.DataProvider" name="test" time="6.888"/>
  <testcase classname="again_data.DataProvider" name="test" time="6.603"/>
</testsuite> <!-- again_data.DataProvider -->
