<?xml version="1.0" encoding="UTF-8"?>
<!-- Generated by org.testng.reporters.JUnitReportReporter -->
<testsuite hostname="DESKTOP-V7R4QNT" failures="0" tests="5" name="datafrom.Alert2" time="19.299" errors="0" timestamp="6 Apr 2024 09:36:37 GMT">
  <testcase classname="datafrom.Alert2" name="test" time="2.949"/>
  <testcase classname="datafrom.Alert2" name="test" time="3.294"/>
  <testcase classname="datafrom.Alert2" name="test" time="3.727"/>
  <testcase classname="datafrom.Alert2" name="test" time="5.860"/>
  <testcase classname="datafrom.Alert2" name="test" time="3.469"/>
</testsuite> <!-- datafrom.Alert2 -->
