<?xml version="1.0" encoding="UTF-8"?>
<!-- Generated by org.testng.reporters.JUnitReportReporter -->
<testsuite hostname="DESKTOP-V7R4QNT" failures="0" tests="5" name="datafrom.Getdata" time="40.680" errors="0" timestamp="1 Apr 2024 14:12:49 GMT">
  <testcase classname="datafrom.Getdata" name="test" time="13.733"/>
  <testcase classname="datafrom.Getdata" name="test" time="6.686"/>
  <testcase classname="datafrom.Getdata" name="test" time="6.576"/>
  <testcase classname="datafrom.Getdata" name="test" time="6.740"/>
  <testcase classname="datafrom.Getdata" name="test" time="6.945"/>
</testsuite> <!-- datafrom.Getdata -->
