<?xml version="1.0" encoding="UTF-8"?>
<!-- Generated by org.testng.reporters.JUnitReportReporter -->
<testsuite hostname="DESKTOP-V7R4QNT" failures="0" tests="5" name="dubara.FetchData" time="41.336" errors="0" timestamp="5 Apr 2024 14:55:46 GMT">
  <testcase classname="dubara.FetchData" name="test" time="10.621"/>
  <testcase classname="dubara.FetchData" name="test" time="5.888"/>
  <testcase classname="dubara.FetchData" name="test" time="7.293"/>
  <testcase classname="dubara.FetchData" name="test" time="10.787"/>
  <testcase classname="dubara.FetchData" name="test" time="6.747"/>
</testsuite> <!-- dubara.FetchData -->
